Started GET "/" for 127.0.0.1 at 2019-04-09 10:19:06 -0500
Processing by StaticPagesController#home as HTML
  Rendering static_pages/home.html.erb within layouts/application
  Rendered static_pages/home.html.erb within layouts/application (2.6ms)
Completed 200 OK in 1428ms (Views: 1422.2ms | ActiveRecord: 0.0ms)


Started GET "/" for 127.0.0.1 at 2019-04-09 10:33:56 -0500
Processing by StaticPagesController#home as HTML
  Rendering static_pages/home.html.erb within layouts/application
  Rendered static_pages/home.html.erb within layouts/application (0.9ms)
Completed 200 OK in 21ms (Views: 19.8ms | ActiveRecord: 0.0ms)


Started GET "/search?utf8=%E2%9C%93&id=aaaa&commit=Get+Photos" for 127.0.0.1 at 2019-04-09 10:34:02 -0500
  
ActionController::RoutingError (No route matches [GET] "/search"):
  
actionpack (5.2.3) lib/action_dispatch/middleware/debug_exceptions.rb:65:in `call'
web-console (3.7.0) lib/web_console/middleware.rb:135:in `call_app'
web-console (3.7.0) lib/web_console/middleware.rb:30:in `block in call'
web-console (3.7.0) lib/web_console/middleware.rb:20:in `catch'
web-console (3.7.0) lib/web_console/middleware.rb:20:in `call'
actionpack (5.2.3) lib/action_dispatch/middleware/show_exceptions.rb:33:in `call'
railties (5.2.3) lib/rails/rack/logger.rb:38:in `call_app'
railties (5.2.3) lib/rails/rack/logger.rb:26:in `block in call'
activesupport (5.2.3) lib/active_support/tagged_logging.rb:71:in `block in tagged'
activesupport (5.2.3) lib/active_support/tagged_logging.rb:28:in `tagged'
activesupport (5.2.3) lib/active_support/tagged_logging.rb:71:in `tagged'
railties (5.2.3) lib/rails/rack/logger.rb:26:in `call'
sprockets-rails (3.2.1) lib/sprockets/rails/quiet_assets.rb:13:in `call'
actionpack (5.2.3) lib/action_dispatch/middleware/remote_ip.rb:81:in `call'
actionpack (5.2.3) lib/action_dispatch/middleware/request_id.rb:27:in `call'
rack (2.0.7) lib/rack/method_override.rb:22:in `call'
rack (2.0.7) lib/rack/runtime.rb:22:in `call'
activesupport (5.2.3) lib/active_support/cache/strategy/local_cache_middleware.rb:29:in `call'
actionpack (5.2.3) lib/action_dispatch/middleware/executor.rb:14:in `call'
actionpack (5.2.3) lib/action_dispatch/middleware/static.rb:127:in `call'
rack (2.0.7) lib/rack/sendfile.rb:111:in `call'
railties (5.2.3) lib/rails/engine.rb:524:in `call'
puma (3.12.1) lib/puma/configuration.rb:227:in `call'
puma (3.12.1) lib/puma/server.rb:660:in `handle_request'
puma (3.12.1) lib/puma/server.rb:474:in `process_client'
puma (3.12.1) lib/puma/server.rb:334:in `block in run'
puma (3.12.1) lib/puma/thread_pool.rb:135:in `block in spawn_thread'
Started GET "/" for 127.0.0.1 at 2019-04-09 10:36:12 -0500
  
SyntaxError (/home/overseer/Git/the_odin_project/ruby_on_rails/flickr-api/app/controllers/static_pages_controller.rb:8: syntax error, unexpected end-of-input, expecting end):
  
app/controllers/static_pages_controller.rb:8: syntax error, unexpected end-of-input, expecting end
Started GET "/" for 127.0.0.1 at 2019-04-09 10:36:19 -0500
Processing by StaticPagesController#home as HTML
  Rendering static_pages/home.html.erb within layouts/application
  Rendered static_pages/home.html.erb within layouts/application (1.1ms)
Completed 200 OK in 33ms (Views: 31.6ms | ActiveRecord: 0.0ms)


Started GET "/?utf8=%E2%9C%93&search_id=ss&commit=Get+Photos" for 127.0.0.1 at 2019-04-09 10:36:22 -0500
Processing by StaticPagesController#home as HTML
  Parameters: {"utf8"=>"✓", "search_id"=>"ss", "commit"=>"Get Photos"}
  Rendering static_pages/home.html.erb within layouts/application
  Rendered static_pages/home.html.erb within layouts/application (0.5ms)
Completed 200 OK in 22ms (Views: 20.9ms | ActiveRecord: 0.0ms)


Started GET "/?utf8=%E2%9C%93&search_id=170889977%40N06&commit=Get+Photos" for 127.0.0.1 at 2019-04-09 10:38:22 -0500
Processing by StaticPagesController#home as HTML
  Parameters: {"utf8"=>"✓", "search_id"=>"170889977@N06", "commit"=>"Get Photos"}
Completed 500 Internal Server Error in 300ms (ActiveRecord: 0.0ms)


  
Flickr::ApiError (100: Invalid API Key (Key has invalid format)):
  
app/controllers/static_pages_controller.rb:5:in `home'
Started GET "/?utf8=%E2%9C%93&search_id=170889977%40N06&commit=Get+Photos" for 127.0.0.1 at 2019-04-09 10:42:36 -0500
Processing by StaticPagesController#home as HTML
  Parameters: {"utf8"=>"✓", "search_id"=>"170889977@N06", "commit"=>"Get Photos"}
Completed 500 Internal Server Error in 310ms (ActiveRecord: 0.0ms)


  
Flickr::ApiError (100: Invalid API Key (Key has invalid format)):
  
app/controllers/static_pages_controller.rb:5:in `home'
Started GET "/?utf8=%E2%9C%93&search_id=170889977%40N06&commit=Get+Photos" for 127.0.0.1 at 2019-04-09 10:42:39 -0500
Processing by StaticPagesController#home as HTML
  Parameters: {"utf8"=>"✓", "search_id"=>"170889977@N06", "commit"=>"Get Photos"}
Completed 500 Internal Server Error in 203ms (ActiveRecord: 0.0ms)


  
Flickr::ApiError (100: Invalid API Key (Key has invalid format)):
  
app/controllers/static_pages_controller.rb:5:in `home'
Started GET "/?utf8=%E2%9C%93&search_id=ss&commit=Get+Photos" for 127.0.0.1 at 2019-04-09 10:43:53 -0500
Processing by StaticPagesController#home as HTML
  Parameters: {"utf8"=>"✓", "search_id"=>"ss", "commit"=>"Get Photos"}
Completed 500 Internal Server Error in 277ms (ActiveRecord: 0.0ms)


  
Flickr::ApiError (1: User not found):
  
app/controllers/static_pages_controller.rb:5:in `home'
Started GET "/" for 127.0.0.1 at 2019-04-09 10:43:59 -0500
Processing by StaticPagesController#home as HTML
  Rendering static_pages/home.html.erb within layouts/application
  Rendered static_pages/home.html.erb within layouts/application (0.5ms)
Completed 200 OK in 179ms (Views: 178.3ms | ActiveRecord: 0.0ms)


Started GET "/?utf8=%E2%9C%93&search_id=170889977%40N06&commit=Get+Photos" for 127.0.0.1 at 2019-04-09 10:44:09 -0500
Processing by StaticPagesController#home as HTML
  Parameters: {"utf8"=>"✓", "search_id"=>"170889977@N06", "commit"=>"Get Photos"}
  Rendering static_pages/home.html.erb within layouts/application
  Rendered static_pages/home.html.erb within layouts/application (0.5ms)
Completed 200 OK in 310ms (Views: 21.6ms | ActiveRecord: 0.0ms)


Started GET "/?utf8=%E2%9C%93&search_id=170889977%40N06&commit=Get+Photos" for 127.0.0.1 at 2019-04-09 10:47:07 -0500
Processing by StaticPagesController#home as HTML
  Parameters: {"utf8"=>"✓", "search_id"=>"170889977@N06", "commit"=>"Get Photos"}
  Rendering static_pages/home.html.erb within layouts/application
  Rendered static_pages/home.html.erb within layouts/application (34.6ms)
Completed 200 OK in 390ms (Views: 52.7ms | ActiveRecord: 0.0ms)


Started GET "/?utf8=%E2%9C%93&search_id=170889977%40N06&commit=Get+Photos" for 127.0.0.1 at 2019-04-09 10:48:23 -0500
Processing by StaticPagesController#home as HTML
  Parameters: {"utf8"=>"✓", "search_id"=>"170889977@N06", "commit"=>"Get Photos"}
  Rendering static_pages/home.html.erb within layouts/application
  Rendered static_pages/home.html.erb within layouts/application (1.4ms)
Completed 500 Internal Server Error in 228ms (ActiveRecord: 0.0ms)


  
ActionView::Template::Error (Nil location provided. Can't build URI.):
    10: <% if @photos %>
    11: 	<hr>
    12: 	<% @photos.each do |photo| %>
    13: 		<%= image_tag photo.source_url %>
    14: 	<% end %>
    15: <% end %>
  
app/views/static_pages/home.html.erb:13:in `block in _app_views_static_pages_home_html_erb__707974317119541707_69948452476200'
app/views/static_pages/home.html.erb:12:in `each'
app/views/static_pages/home.html.erb:12:in `_app_views_static_pages_home_html_erb__707974317119541707_69948452476200'
Started GET "/?utf8=%E2%9C%93&search_id=170889977%40N06&commit=Get+Photos" for 127.0.0.1 at 2019-04-09 10:48:36 -0500
Processing by StaticPagesController#home as HTML
  Parameters: {"utf8"=>"✓", "search_id"=>"170889977@N06", "commit"=>"Get Photos"}
  Rendering static_pages/home.html.erb within layouts/application
  Rendered static_pages/home.html.erb within layouts/application (0.8ms)
Completed 200 OK in 288ms (Views: 13.9ms | ActiveRecord: 0.0ms)


Started GET "/?utf8=%E2%9C%93&search_id=170889977%40N06&commit=Get+Photos" for 127.0.0.1 at 2019-04-09 10:52:58 -0500
Processing by StaticPagesController#home as HTML
  Parameters: {"utf8"=>"✓", "search_id"=>"170889977@N06", "commit"=>"Get Photos"}
  Rendering static_pages/home.html.erb within layouts/application
  Rendered static_pages/home.html.erb within layouts/application (1.4ms)
Completed 500 Internal Server Error in 453ms (ActiveRecord: 0.0ms)


  
ActionView::Template::Error (Nil location provided. Can't build URI.):
    10: <% if @photos %>
    11: 	<hr>
    12: 	<% @photos.each do |photo| %>
    13: 		<%= image_tag photo.source_url %>
    14: 	<% end %>
    15: <% end %>
  
app/views/static_pages/home.html.erb:13:in `block in _app_views_static_pages_home_html_erb__707974317119541707_69948509883620'
app/views/static_pages/home.html.erb:12:in `each'
app/views/static_pages/home.html.erb:12:in `_app_views_static_pages_home_html_erb__707974317119541707_69948509883620'
Started GET "/?utf8=%E2%9C%93&search_id=170889977%40N06&commit=Get+Photos" for 127.0.0.1 at 2019-04-09 10:53:02 -0500
Processing by StaticPagesController#home as HTML
  Parameters: {"utf8"=>"✓", "search_id"=>"170889977@N06", "commit"=>"Get Photos"}
  Rendering static_pages/home.html.erb within layouts/application
  Rendered static_pages/home.html.erb within layouts/application (1.1ms)
Completed 200 OK in 278ms (Views: 20.3ms | ActiveRecord: 0.0ms)


Started GET "/?utf8=%E2%9C%93&search_id=170889977%40N06&commit=Get+Photos" for 127.0.0.1 at 2019-04-09 10:53:05 -0500
Processing by StaticPagesController#home as HTML
  Parameters: {"utf8"=>"✓", "search_id"=>"170889977@N06", "commit"=>"Get Photos"}
  Rendering static_pages/home.html.erb within layouts/application
  Rendered static_pages/home.html.erb within layouts/application (1.2ms)
Completed 200 OK in 321ms (Views: 26.6ms | ActiveRecord: 0.0ms)


Started GET "/?utf8=%E2%9C%93&search_id=170889977%40N06&commit=Get+Photos" for 127.0.0.1 at 2019-04-09 10:56:34 -0500
Processing by StaticPagesController#home as HTML
  Parameters: {"utf8"=>"✓", "search_id"=>"170889977@N06", "commit"=>"Get Photos"}
  Rendering static_pages/home.html.erb within layouts/application
  Rendered static_pages/home.html.erb within layouts/application (1.6ms)
Completed 500 Internal Server Error in 257ms (ActiveRecord: 0.0ms)


  
ActionView::Template::Error (Nil location provided. Can't build URI.):
    10: <% if @photos %>
    11: 	<hr>
    12: 	<% @photos.each do |photo| %>
    13: 		<%= image_tag photo.source_url %>
    14: 	<% end %>
    15: <% end %>
  
app/views/static_pages/home.html.erb:13:in `block in _app_views_static_pages_home_html_erb__707974317119541707_69948450575300'
app/views/static_pages/home.html.erb:12:in `each'
app/views/static_pages/home.html.erb:12:in `_app_views_static_pages_home_html_erb__707974317119541707_69948450575300'
Started GET "/?utf8=%E2%9C%93&search_id=170889977%40N06&commit=Get+Photos" for 127.0.0.1 at 2019-04-09 10:57:20 -0500
Processing by StaticPagesController#home as HTML
  Parameters: {"utf8"=>"✓", "search_id"=>"170889977@N06", "commit"=>"Get Photos"}
Completed 500 Internal Server Error in 329ms (ActiveRecord: 0.0ms)


  
NoMethodError (undefined method `medium500!' for #<StaticPagesController:0x00007f3c4926d658>):
  
app/controllers/static_pages_controller.rb:6:in `home'
Started GET "/?utf8=%E2%9C%93&search_id=170889977%40N06&commit=Get+Photos" for 127.0.0.1 at 2019-04-09 10:57:47 -0500
Processing by StaticPagesController#home as HTML
  Parameters: {"utf8"=>"✓", "search_id"=>"170889977@N06", "commit"=>"Get Photos"}
  Rendering static_pages/home.html.erb within layouts/application
  Rendered static_pages/home.html.erb within layouts/application (0.7ms)
Completed 200 OK in 261ms (Views: 19.9ms | ActiveRecord: 0.0ms)


Started GET "/?utf8=%E2%9C%93&search_id=170889977%40N06&commit=Get+Photos" for 127.0.0.1 at 2019-04-09 10:58:06 -0500
Processing by StaticPagesController#home as HTML
  Parameters: {"utf8"=>"✓", "search_id"=>"170889977@N06", "commit"=>"Get Photos"}
  Rendering static_pages/home.html.erb within layouts/application
  Rendered static_pages/home.html.erb within layouts/application (1.1ms)
Completed 200 OK in 499ms (Views: 25.5ms | ActiveRecord: 0.0ms)


Started GET "/?utf8=%E2%9C%93&search_id=170889977%40N06&commit=Get+Photos" for 127.0.0.1 at 2019-04-09 10:58:35 -0500
Processing by StaticPagesController#home as HTML
  Parameters: {"utf8"=>"✓", "search_id"=>"170889977@N06", "commit"=>"Get Photos"}
  Rendering static_pages/home.html.erb within layouts/application
  Rendered static_pages/home.html.erb within layouts/application (1.5ms)
Completed 500 Internal Server Error in 379ms (ActiveRecord: 0.0ms)


  
ActionView::Template::Error (undefined method `symbolize_keys' for "http://www.flickr.com/photos/170889977@N06/47519197062":String):
    10: <% if @photos %>
    11: 	<hr>
    12: 	<% @photos.each do |photo| %>
    13: 		<%= link_to image_tag photo.source_url, photo.url %>
    14: 	<% end %>
    15: <% end %>
  
app/views/static_pages/home.html.erb:13:in `block in _app_views_static_pages_home_html_erb__707974317119541707_46992340114920'
app/views/static_pages/home.html.erb:12:in `each'
app/views/static_pages/home.html.erb:12:in `_app_views_static_pages_home_html_erb__707974317119541707_46992340114920'
Started GET "/?utf8=%E2%9C%93&search_id=170889977%40N06&commit=Get+Photos" for 127.0.0.1 at 2019-04-09 11:00:11 -0500
Processing by StaticPagesController#home as HTML
  Parameters: {"utf8"=>"✓", "search_id"=>"170889977@N06", "commit"=>"Get Photos"}
  Rendering static_pages/home.html.erb within layouts/application
  Rendered static_pages/home.html.erb within layouts/application (0.9ms)
Completed 200 OK in 293ms (Views: 24.4ms | ActiveRecord: 0.0ms)


Started GET "/?utf8=%E2%9C%93&search_id=170889977%40N06&commit=Get+Photos" for 127.0.0.1 at 2019-04-09 11:01:21 -0500
Processing by StaticPagesController#home as HTML
  Parameters: {"utf8"=>"✓", "search_id"=>"170889977@N06", "commit"=>"Get Photos"}
  Rendering static_pages/home.html.erb within layouts/application
  Rendered static_pages/home.html.erb within layouts/application (0.8ms)
Completed 200 OK in 293ms (Views: 13.5ms | ActiveRecord: 0.0ms)


Started GET "/?utf8=%E2%9C%93&search_id=170889977%40N06&commit=Get+Photos" for 127.0.0.1 at 2019-04-09 11:01:31 -0500
Processing by StaticPagesController#home as HTML
  Parameters: {"utf8"=>"✓", "search_id"=>"170889977@N06", "commit"=>"Get Photos"}
  Rendering static_pages/home.html.erb within layouts/application
  Rendered static_pages/home.html.erb within layouts/application (1.1ms)
Completed 200 OK in 408ms (Views: 13.2ms | ActiveRecord: 0.0ms)


Started GET "/?utf8=%E2%9C%93&search_id=170889977%40N06&commit=Get+Photos" for 127.0.0.1 at 2019-04-09 11:03:23 -0500
Processing by StaticPagesController#home as HTML
  Parameters: {"utf8"=>"✓", "search_id"=>"170889977@N06", "commit"=>"Get Photos"}
  Rendering static_pages/home.html.erb within layouts/application
  Rendered static_pages/home.html.erb within layouts/application (1.3ms)
Completed 500 Internal Server Error in 289ms (ActiveRecord: 0.0ms)


  
ActionView::Template::Error (Nil location provided. Can't build URI.):
    10: <% if @photos %>
    11: 	<hr>
    12: 	<% @photos.each do |photo| %>
    13: 		<%= link_to( image_tag(photo.source_url), photo.url ) %>
    14: 	<% end %>
    15: <% end %>
  
app/views/static_pages/home.html.erb:13:in `block in _app_views_static_pages_home_html_erb__707974317119541707_69948576760400'
app/views/static_pages/home.html.erb:12:in `each'
app/views/static_pages/home.html.erb:12:in `_app_views_static_pages_home_html_erb__707974317119541707_69948576760400'
Started GET "/?utf8=%E2%9C%93&search_id=170889977%40N06&commit=Get+Photos" for 127.0.0.1 at 2019-04-09 11:04:30 -0500
Processing by StaticPagesController#home as HTML
  Parameters: {"utf8"=>"✓", "search_id"=>"170889977@N06", "commit"=>"Get Photos"}
  Rendering static_pages/home.html.erb within layouts/application
  Rendered static_pages/home.html.erb within layouts/application (0.9ms)
Completed 200 OK in 340ms (Views: 13.1ms | ActiveRecord: 0.0ms)


Started GET "/?utf8=%E2%9C%93&search_id=170889977%40N06&commit=Get+Photos" for 127.0.0.1 at 2019-04-09 11:04:45 -0500
Processing by StaticPagesController#home as HTML
  Parameters: {"utf8"=>"✓", "search_id"=>"170889977@N06", "commit"=>"Get Photos"}
  Rendering static_pages/home.html.erb within layouts/application
  Rendered static_pages/home.html.erb within layouts/application (0.9ms)
Completed 200 OK in 303ms (Views: 13.3ms | ActiveRecord: 0.0ms)


Started GET "/?utf8=%E2%9C%93&search_id=170889977%40N06&commit=Get+Photos" for 127.0.0.1 at 2019-04-09 11:05:01 -0500
Processing by StaticPagesController#home as HTML
  Parameters: {"utf8"=>"✓", "search_id"=>"170889977@N06", "commit"=>"Get Photos"}
  Rendering static_pages/home.html.erb within layouts/application
  Rendered static_pages/home.html.erb within layouts/application (1.2ms)
Completed 200 OK in 813ms (Views: 12.6ms | ActiveRecord: 0.0ms)


Started GET "/?utf8=%E2%9C%93&search_id=170889977%40N06&commit=Get+Photos" for 127.0.0.1 at 2019-04-09 11:05:13 -0500
Processing by StaticPagesController#home as HTML
  Parameters: {"utf8"=>"✓", "search_id"=>"170889977@N06", "commit"=>"Get Photos"}
  Rendering static_pages/home.html.erb within layouts/application
  Rendered static_pages/home.html.erb within layouts/application (1.0ms)
Completed 200 OK in 371ms (Views: 19.0ms | ActiveRecord: 0.0ms)


Started GET "/?utf8=%E2%9C%93&search_id=170889977%40N06&commit=Get+Photos" for 127.0.0.1 at 2019-04-09 11:05:26 -0500
Processing by StaticPagesController#home as HTML
  Parameters: {"utf8"=>"✓", "search_id"=>"170889977@N06", "commit"=>"Get Photos"}
  Rendering static_pages/home.html.erb within layouts/application
  Rendered static_pages/home.html.erb within layouts/application (1.0ms)
Completed 200 OK in 823ms (Views: 16.4ms | ActiveRecord: 0.0ms)


Started GET "/?utf8=%E2%9C%93&search_id=170889977%40N06&commit=Get+Photos" for 127.0.0.1 at 2019-04-09 11:05:49 -0500
Processing by StaticPagesController#home as HTML
  Parameters: {"utf8"=>"✓", "search_id"=>"170889977@N06", "commit"=>"Get Photos"}
  Rendering static_pages/home.html.erb within layouts/application
  Rendered static_pages/home.html.erb within layouts/application (1.0ms)
Completed 200 OK in 319ms (Views: 19.1ms | ActiveRecord: 0.0ms)


Started GET "/?utf8=%E2%9C%93&search_id=170889977%40N06&commit=Get+Photos" for 127.0.0.1 at 2019-04-09 11:07:57 -0500
Processing by StaticPagesController#home as HTML
  Parameters: {"utf8"=>"✓", "search_id"=>"170889977@N06", "commit"=>"Get Photos"}
  Rendering static_pages/home.html.erb within layouts/application
  Rendered static_pages/home.html.erb within layouts/application (2.3ms)
Completed 500 Internal Server Error in 323ms (ActiveRecord: 0.0ms)


  
ActionView::Template::Error (undefined method `name' for #<Flickr::Object::Person:0x00007ff56069ca50>):
    1: <h1>Search<%= params[:commit] ? "ing #{@person.name.possessive}" : "" %> Photos on Flickr</h1>
    2: 
    3: <%= form_tag '/', method: :get do %>
    4: 	<%= label_tag :search_id, "Search By Id" %>
  
app/views/static_pages/home.html.erb:1:in `_app_views_static_pages_home_html_erb__4538839436193792509_46929346100000'
Started GET "/?utf8=%E2%9C%93&search_id=170889977%40N06&commit=Get+Photos" for 127.0.0.1 at 2019-04-09 11:08:10 -0500
Processing by StaticPagesController#home as HTML
  Parameters: {"utf8"=>"✓", "search_id"=>"170889977@N06", "commit"=>"Get Photos"}
  Rendering static_pages/home.html.erb within layouts/application
  Rendered static_pages/home.html.erb within layouts/application (10.5ms)
Completed 500 Internal Server Error in 327ms (ActiveRecord: 0.0ms)


  
ActionView::Template::Error (undefined method `name' for #<Flickr::Object::Person:0x0000555d2e0099f8>):
    1: <h1>Search<%= params[:commit] ? "ing #{@person.name}" : "" %> Photos on Flickr</h1>
    2: 
    3: <%= form_tag '/', method: :get do %>
    4: 	<%= label_tag :search_id, "Search By Id" %>
  
app/views/static_pages/home.html.erb:1:in `_app_views_static_pages_home_html_erb__4538839436193792509_46929347344220'
Started GET "/?utf8=%E2%9C%93&search_id=170889977%40N06&commit=Get+Photos" for 127.0.0.1 at 2019-04-09 11:10:30 -0500
Processing by StaticPagesController#home as HTML
  Parameters: {"utf8"=>"✓", "search_id"=>"170889977@N06", "commit"=>"Get Photos"}
  Rendering static_pages/home.html.erb within layouts/application
  Rendered static_pages/home.html.erb within layouts/application (2.3ms)
Completed 500 Internal Server Error in 251ms (ActiveRecord: 0.0ms)


  
ActionView::Template::Error (undefined method `possesive' for nil:NilClass):
    1: <h1>Search<%= params[:commit] ? "ing #{@person.username.possesive}" : "" %> Photos on Flickr</h1>
    2: 
    3: <%= form_tag '/', method: :get do %>
    4: 	<%= label_tag :search_id, "Search By Id" %>
  
app/views/static_pages/home.html.erb:1:in `_app_views_static_pages_home_html_erb__4538839436193792509_70345759682460'
Started GET "/?utf8=%E2%9C%93&search_id=170889977%40N06&commit=Get+Photos" for 127.0.0.1 at 2019-04-09 11:10:38 -0500
Processing by StaticPagesController#home as HTML
  Parameters: {"utf8"=>"✓", "search_id"=>"170889977@N06", "commit"=>"Get Photos"}
  Rendering static_pages/home.html.erb within layouts/application
  Rendered static_pages/home.html.erb within layouts/application (1.3ms)
Completed 200 OK in 476ms (Views: 173.9ms | ActiveRecord: 0.0ms)


Started GET "/?utf8=%E2%9C%93&search_id=170889977%40N06&commit=Get+Photos" for 127.0.0.1 at 2019-04-09 11:10:59 -0500
Processing by StaticPagesController#home as HTML
  Parameters: {"utf8"=>"✓", "search_id"=>"170889977@N06", "commit"=>"Get Photos"}
  Rendering static_pages/home.html.erb within layouts/application
  Rendered static_pages/home.html.erb within layouts/application (2.1ms)
Completed 500 Internal Server Error in 789ms (ActiveRecord: 0.0ms)


  
ActionView::Template::Error (undefined method `realname' for #<Flickr::Object::Person:0x00007ff5608f5748>):
    1: <h1>Search<%= params[:commit] ? "ing #{@person.realname}" : "" %> Photos on Flickr</h1>
    2: 
    3: <%= form_tag '/', method: :get do %>
    4: 	<%= label_tag :search_id, "Search By Id" %>
  
app/views/static_pages/home.html.erb:1:in `_app_views_static_pages_home_html_erb__4538839436193792509_70345932213820'
Started GET "/" for 127.0.0.1 at 2019-04-09 11:11:07 -0500
Processing by StaticPagesController#home as HTML
  Rendering static_pages/home.html.erb within layouts/application
  Rendered static_pages/home.html.erb within layouts/application (1.1ms)
Completed 200 OK in 48ms (Views: 47.1ms | ActiveRecord: 0.0ms)


Started GET "/?utf8=%E2%9C%93&search_id=170889977%40N06&commit=Get+Photos" for 127.0.0.1 at 2019-04-09 11:11:08 -0500
Processing by StaticPagesController#home as HTML
  Parameters: {"utf8"=>"✓", "search_id"=>"170889977@N06", "commit"=>"Get Photos"}
  Rendering static_pages/home.html.erb within layouts/application
  Rendered static_pages/home.html.erb within layouts/application (1.1ms)
Completed 200 OK in 291ms (Views: 14.1ms | ActiveRecord: 0.0ms)


Started GET "/?utf8=%E2%9C%93&search_id=170889977%40N06&commit=Get+Photos" for 127.0.0.1 at 2019-04-09 11:11:18 -0500
Processing by StaticPagesController#home as HTML
  Parameters: {"utf8"=>"✓", "search_id"=>"170889977@N06", "commit"=>"Get Photos"}
  Rendering static_pages/home.html.erb within layouts/application
  Rendered static_pages/home.html.erb within layouts/application (1.4ms)
Completed 200 OK in 348ms (Views: 27.6ms | ActiveRecord: 0.0ms)


Started GET "/?utf8=%E2%9C%93&search_id=170889977%40N06&commit=Get+Photos" for 127.0.0.1 at 2019-04-09 11:12:14 -0500
Processing by StaticPagesController#home as HTML
  Parameters: {"utf8"=>"✓", "search_id"=>"170889977@N06", "commit"=>"Get Photos"}
  Rendering static_pages/home.html.erb within layouts/application
  Rendered static_pages/home.html.erb within layouts/application (1.1ms)
Completed 200 OK in 303ms (Views: 14.5ms | ActiveRecord: 0.0ms)


Started GET "/?utf8=%E2%9C%93&search_id=170889977%40N06&commit=Get+Photos" for 127.0.0.1 at 2019-04-09 11:12:26 -0500
Processing by StaticPagesController#home as HTML
  Parameters: {"utf8"=>"✓", "search_id"=>"170889977@N06", "commit"=>"Get Photos"}
  Rendering static_pages/home.html.erb within layouts/application
  Rendered static_pages/home.html.erb within layouts/application (1.2ms)
Completed 200 OK in 249ms (Views: 14.9ms | ActiveRecord: 0.0ms)


Started GET "/?utf8=%E2%9C%93&search_id=170889977%40N06&commit=Get+Photos" for 127.0.0.1 at 2019-04-09 11:13:23 -0500
Processing by StaticPagesController#home as HTML
  Parameters: {"utf8"=>"✓", "search_id"=>"170889977@N06", "commit"=>"Get Photos"}
  Rendering static_pages/home.html.erb within layouts/application
  Rendered static_pages/home.html.erb within layouts/application (1.1ms)
Completed 200 OK in 280ms (Views: 22.3ms | ActiveRecord: 0.0ms)


Started GET "/?utf8=%E2%9C%93&search_id=170889977%40N06&commit=Get+Photos" for 127.0.0.1 at 2019-04-09 11:13:28 -0500
Processing by StaticPagesController#home as HTML
  Parameters: {"utf8"=>"✓", "search_id"=>"170889977@N06", "commit"=>"Get Photos"}
  Rendering static_pages/home.html.erb within layouts/application
  Rendered static_pages/home.html.erb within layouts/application (1.2ms)
Completed 200 OK in 368ms (Views: 16.4ms | ActiveRecord: 0.0ms)


Started GET "/?utf8=%E2%9C%93&search_id=170889977%40N06&commit=Get+Photos" for 127.0.0.1 at 2019-04-09 11:13:38 -0500
Processing by StaticPagesController#home as HTML
  Parameters: {"utf8"=>"✓", "search_id"=>"170889977@N06", "commit"=>"Get Photos"}
  Rendering static_pages/home.html.erb within layouts/application
  Rendered static_pages/home.html.erb within layouts/application (1.1ms)
Completed 200 OK in 469ms (Views: 18.1ms | ActiveRecord: 0.0ms)


Started GET "/?utf8=%E2%9C%93&search_id=170889977%40N06&commit=Get+Photos" for 127.0.0.1 at 2019-04-09 11:13:58 -0500
Processing by StaticPagesController#home as HTML
  Parameters: {"utf8"=>"✓", "search_id"=>"170889977@N06", "commit"=>"Get Photos"}
  Rendering static_pages/home.html.erb within layouts/application
  Rendered static_pages/home.html.erb within layouts/application (1.0ms)
Completed 200 OK in 1443ms (Views: 18.3ms | ActiveRecord: 0.0ms)


Started GET "/?utf8=%E2%9C%93&search_id=170889977%40N06&commit=Get+Photos" for 127.0.0.1 at 2019-04-09 11:14:20 -0500
Processing by StaticPagesController#home as HTML
  Parameters: {"utf8"=>"✓", "search_id"=>"170889977@N06", "commit"=>"Get Photos"}
  Rendering static_pages/home.html.erb within layouts/application
  Rendered static_pages/home.html.erb within layouts/application (1.0ms)
Completed 200 OK in 802ms (Views: 16.7ms | ActiveRecord: 0.0ms)


Started GET "/" for 127.0.0.1 at 2019-04-09 11:14:35 -0500
Processing by StaticPagesController#home as HTML
  Rendering static_pages/home.html.erb within layouts/application
  Rendered static_pages/home.html.erb within layouts/application (0.7ms)
Completed 200 OK in 12ms (Views: 11.6ms | ActiveRecord: 0.0ms)


Started GET "/" for 127.0.0.1 at 2019-04-09 11:14:37 -0500
Processing by StaticPagesController#home as HTML
  Rendering static_pages/home.html.erb within layouts/application
  Rendered static_pages/home.html.erb within layouts/application (0.6ms)
Completed 200 OK in 13ms (Views: 12.0ms | ActiveRecord: 0.0ms)


Started GET "/?utf8=%E2%9C%93&search_id=170889977%40N06&commit=Get+Photos" for 127.0.0.1 at 2019-04-09 11:14:38 -0500
Processing by StaticPagesController#home as HTML
  Parameters: {"utf8"=>"✓", "search_id"=>"170889977@N06", "commit"=>"Get Photos"}
  Rendering static_pages/home.html.erb within layouts/application
  Rendered static_pages/home.html.erb within layouts/application (12.4ms)
Completed 200 OK in 705ms (Views: 25.1ms | ActiveRecord: 0.0ms)


Started GET "/?utf8=%E2%9C%93&search_id=&commit=Get+Photos" for 127.0.0.1 at 2019-04-09 11:14:56 -0500
Processing by StaticPagesController#home as HTML
  Parameters: {"utf8"=>"✓", "search_id"=>"", "commit"=>"Get Photos"}
Completed 500 Internal Server Error in 242ms (ActiveRecord: 0.0ms)


  
Flickr::ApiError (1: User not found):
  
app/controllers/static_pages_controller.rb:6:in `home'
Started GET "/?utf8=%E2%9C%93&search_id=&commit=Get+Photos" for 127.0.0.1 at 2019-04-09 11:15:39 -0500
Processing by StaticPagesController#home as HTML
  Parameters: {"utf8"=>"✓", "search_id"=>"", "commit"=>"Get Photos"}
Completed 500 Internal Server Error in 219ms (ActiveRecord: 0.0ms)


  
Flickr::ApiError (1: User not found):
  
app/controllers/static_pages_controller.rb:5:in `home'
Started GET "/?utf8=%E2%9C%93&search_id=&commit=Get+Photos" for 127.0.0.1 at 2019-04-09 11:15:51 -0500
Processing by StaticPagesController#home as HTML
  Parameters: {"utf8"=>"✓", "search_id"=>"", "commit"=>"Get Photos"}
Completed 500 Internal Server Error in 307ms (ActiveRecord: 0.0ms)


  
Flickr::ApiError (1: User not found):
  
app/controllers/static_pages_controller.rb:5:in `home'
Started GET "/?utf8=%E2%9C%93&search_id=&commit=Get+Photos" for 127.0.0.1 at 2019-04-09 11:16:26 -0500
Processing by StaticPagesController#home as HTML
  Parameters: {"utf8"=>"✓", "search_id"=>"", "commit"=>"Get Photos"}
Completed 500 Internal Server Error in 272ms (ActiveRecord: 0.0ms)


  
Flickr::ApiError (1: User not found):
  
app/controllers/static_pages_controller.rb:7:in `home'
Started GET "/?utf8=%E2%9C%93&search_id=&commit=Get+Photos" for 127.0.0.1 at 2019-04-09 11:20:42 -0500
Processing by StaticPagesController#home as HTML
  Parameters: {"utf8"=>"✓", "search_id"=>"", "commit"=>"Get Photos"}
Completed 500 Internal Server Error in 311ms (ActiveRecord: 0.0ms)


  
Flickr::ApiError (1: User not found):
  
app/controllers/static_pages_controller.rb:5:in `home'
Started GET "/?utf8=%E2%9C%93&search_id=&commit=Get+Photos" for 127.0.0.1 at 2019-04-09 11:26:51 -0500
Processing by StaticPagesController#home as HTML
  Parameters: {"utf8"=>"✓", "search_id"=>"", "commit"=>"Get Photos"}
  Rendering static_pages/home.html.erb within layouts/application
  Rendered static_pages/home.html.erb within layouts/application (1.2ms)
Completed 500 Internal Server Error in 256ms (ActiveRecord: 0.0ms)


  
ActionView::Template::Error (undefined method `possessive' for nil:NilClass):
    1: <h1>Search<%= params[:search_id] ? "ing for #{@person.username.possessive}" : "" %> Photos on Flickr</h1>
    2: 
    3: <%= form_tag '/', method: :get do %>
    4: 	<%= label_tag :search_id, "Search By Id" %>
  
app/views/static_pages/home.html.erb:1:in `_app_views_static_pages_home_html_erb__4538839436193792509_70345933409920'
Started GET "/?utf8=%E2%9C%93&search_id=&commit=Get+Photos" for 127.0.0.1 at 2019-04-09 11:28:11 -0500
Processing by StaticPagesController#home as HTML
  Parameters: {"utf8"=>"✓", "search_id"=>"", "commit"=>"Get Photos"}
  Rendering static_pages/home.html.erb within layouts/application
  Rendered static_pages/home.html.erb within layouts/application (1.7ms)
Completed 500 Internal Server Error in 274ms (ActiveRecord: 0.0ms)


  
ActionView::Template::Error (undefined method `possessive' for nil:NilClass):
    1: <h1>Search<%= @person ? "ing for #{@person.username.possessive}" : "" %> Photos on Flickr</h1>
    2: 
    3: <%= form_tag '/', method: :get do %>
    4: 	<%= label_tag :search_id, "Search By Id" %>
  
app/views/static_pages/home.html.erb:1:in `_app_views_static_pages_home_html_erb__4538839436193792509_70345932916500'
Started GET "/?utf8=%E2%9C%93&search_id=&commit=Get+Photos" for 127.0.0.1 at 2019-04-09 11:28:20 -0500
Processing by StaticPagesController#home as HTML
  Parameters: {"utf8"=>"✓", "search_id"=>"", "commit"=>"Get Photos"}
  Rendering static_pages/home.html.erb within layouts/application
  Rendered static_pages/home.html.erb within layouts/application (0.9ms)
Completed 200 OK in 249ms (Views: 13.2ms | ActiveRecord: 0.0ms)


Started GET "/?utf8=%E2%9C%93&search_id=&commit=Get+Photos" for 127.0.0.1 at 2019-04-09 11:28:46 -0500
Processing by StaticPagesController#home as HTML
  Parameters: {"utf8"=>"✓", "search_id"=>"", "commit"=>"Get Photos"}
  Rendering static_pages/home.html.erb within layouts/application
  Rendered static_pages/home.html.erb within layouts/application (0.7ms)
Completed 200 OK in 276ms (Views: 13.7ms | ActiveRecord: 0.0ms)


Started GET "/?utf8=%E2%9C%93&search_id=&commit=Get+Photos" for 127.0.0.1 at 2019-04-09 11:28:51 -0500
Processing by StaticPagesController#home as HTML
  Parameters: {"utf8"=>"✓", "search_id"=>"", "commit"=>"Get Photos"}
  Rendering static_pages/home.html.erb within layouts/application
  Rendered static_pages/home.html.erb within layouts/application (0.7ms)
Completed 200 OK in 243ms (Views: 15.7ms | ActiveRecord: 0.0ms)


Started GET "/?utf8=%E2%9C%93&search_id=170889977%40N06&commit=Get+Photos" for 127.0.0.1 at 2019-04-09 11:28:56 -0500
Processing by StaticPagesController#home as HTML
  Parameters: {"utf8"=>"✓", "search_id"=>"170889977@N06", "commit"=>"Get Photos"}
  Rendering static_pages/home.html.erb within layouts/application
  Rendered static_pages/home.html.erb within layouts/application (0.7ms)
Completed 200 OK in 328ms (Views: 13.5ms | ActiveRecord: 0.0ms)


Started GET "/?utf8=%E2%9C%93&search_id=170889977%40N06&commit=Get+Photos" for 127.0.0.1 at 2019-04-09 11:31:03 -0500
Processing by StaticPagesController#home as HTML
  Parameters: {"utf8"=>"✓", "search_id"=>"170889977@N06", "commit"=>"Get Photos"}
  Rendering static_pages/home.html.erb within layouts/application
  Rendered static_pages/home.html.erb within layouts/application (0.8ms)
Completed 500 Internal Server Error in 355ms (ActiveRecord: 0.0ms)


  
ActionView::Template::Error (Missing partial static_pages/_flash, application/_flash with {:locale=>[:en], :formats=>[:html], :variants=>[], :handlers=>[:raw, :erb, :html, :builder, :ruby, :coffee, :jbuilder]}. Searched in:
  * "/home/overseer/Git/the_odin_project/ruby_on_rails/flickr-api/app/views"
):
    10:   </head>
    11: 
    12:   <body>
    13:     <%= render 'flash' %>
    14:     <%= yield %>
    15:   </body>
    16: </html>
  
app/views/layouts/application.html.erb:13:in `_app_views_layouts_application_html_erb___58229565648123493_46929335361740'
Started GET "/?utf8=%E2%9C%93&search_id=170889977%40N06&commit=Get+Photos" for 127.0.0.1 at 2019-04-09 11:32:39 -0500
Processing by StaticPagesController#home as HTML
  Parameters: {"utf8"=>"✓", "search_id"=>"170889977@N06", "commit"=>"Get Photos"}
  Rendering static_pages/home.html.erb within layouts/application
  Rendered static_pages/home.html.erb within layouts/application (0.7ms)
Completed 500 Internal Server Error in 288ms (ActiveRecord: 0.0ms)


  
ActionView::Template::Error (Missing partial shared/_flash with {:locale=>[:en], :formats=>[:html], :variants=>[], :handlers=>[:raw, :erb, :html, :builder, :ruby, :coffee, :jbuilder]}. Searched in:
  * "/home/overseer/Git/the_odin_project/ruby_on_rails/flickr-api/app/views"
):
    10:   </head>
    11: 
    12:   <body>
    13:     <%= render 'shared/flash' %>
    14:     <%= yield %>
    15:   </body>
    16: </html>
  
app/views/layouts/application.html.erb:13:in `_app_views_layouts_application_html_erb___58229565648123493_70345899740140'
Started GET "/?utf8=%E2%9C%93&search_id=170889977%40N06&commit=Get+Photos" for 127.0.0.1 at 2019-04-09 11:33:12 -0500
Processing by StaticPagesController#home as HTML
  Parameters: {"utf8"=>"✓", "search_id"=>"170889977@N06", "commit"=>"Get Photos"}
  Rendering static_pages/home.html.erb within layouts/application
  Rendered static_pages/home.html.erb within layouts/application (0.7ms)
Completed 500 Internal Server Error in 387ms (ActiveRecord: 0.0ms)


  
ActionView::Template::Error (Missing partial shared/_flash with {:locale=>[:en], :formats=>[:html], :variants=>[], :handlers=>[:raw, :erb, :html, :builder, :ruby, :coffee, :jbuilder]}. Searched in:
  * "/home/overseer/Git/the_odin_project/ruby_on_rails/flickr-api/app/views"
):
    10:   </head>
    11: 
    12:   <body>
    13:     <%= render 'shared/flash' %>
    14:     <%= yield %>
    15:   </body>
    16: </html>
  
app/views/layouts/application.html.erb:13:in `_app_views_layouts_application_html_erb___58229565648123493_70345901406300'
Started GET "/?utf8=%E2%9C%93&search_id=170889977%40N06&commit=Get+Photos" for 127.0.0.1 at 2019-04-09 11:33:46 -0500
Processing by StaticPagesController#home as HTML
  Parameters: {"utf8"=>"✓", "search_id"=>"170889977@N06", "commit"=>"Get Photos"}
  Rendering static_pages/home.html.erb within layouts/application
  Rendered static_pages/home.html.erb within layouts/application (0.7ms)
  Rendered shared/_flash.html.erb (0.5ms)
Completed 500 Internal Server Error in 562ms (ActiveRecord: 0.0ms)


  
SyntaxError (/home/overseer/Git/the_odin_project/ruby_on_rails/flickr-api/app/views/shared/_flash.html.erb:1: syntax error, unexpected ')', expecting then or ';' or '\n'
...buffer.append=( if flash.any? );@output_buffer.safe_append='
...                              ^
/home/overseer/Git/the_odin_project/ruby_on_rails/flickr-api/app/views/shared/_flash.html.erb:7: syntax error, unexpected end, expecting ')'
 end ;
 ^~~
/home/overseer/Git/the_odin_project/ruby_on_rails/flickr-api/app/views/shared/_flash.html.erb:9: syntax error, unexpected ensure, expecting ')'
          ensure
          ^~~~~~
/home/overseer/Git/the_odin_project/ruby_on_rails/flickr-api/app/views/shared/_flash.html.erb:11: syntax error, unexpected end, expecting ')'
          end
          ^~~):
  
app/views/shared/_flash.html.erb:1: syntax error, unexpected ')', expecting then or ';' or '\n'
app/views/shared/_flash.html.erb:7: syntax error, unexpected end, expecting ')'
app/views/shared/_flash.html.erb:9: syntax error, unexpected ensure, expecting ')'
app/views/shared/_flash.html.erb:11: syntax error, unexpected end, expecting ')'
app/views/layouts/application.html.erb:13:in `_app_views_layouts_application_html_erb___58229565648123493_70345902763960'
Started GET "/?utf8=%E2%9C%93&search_id=170889977%40N06&commit=Get+Photos" for 127.0.0.1 at 2019-04-09 11:34:50 -0500
Processing by StaticPagesController#home as HTML
  Parameters: {"utf8"=>"✓", "search_id"=>"170889977@N06", "commit"=>"Get Photos"}
  Rendering static_pages/home.html.erb within layouts/application
  Rendered static_pages/home.html.erb within layouts/application (0.7ms)
  Rendered shared/_flash.html.erb (0.6ms)
Completed 500 Internal Server Error in 282ms (ActiveRecord: 0.0ms)


  
SyntaxError (/home/overseer/Git/the_odin_project/ruby_on_rails/flickr-api/app/views/shared/_flash.html.erb:1: syntax error, unexpected ')', expecting then or ';' or '\n'
...buffer.append=( if flash.any? );@output_buffer.safe_append='
...                              ^
/home/overseer/Git/the_odin_project/ruby_on_rails/flickr-api/app/views/shared/_flash.html.erb:7: syntax error, unexpected end, expecting ')'
 end ;
 ^~~
/home/overseer/Git/the_odin_project/ruby_on_rails/flickr-api/app/views/shared/_flash.html.erb:9: syntax error, unexpected ensure, expecting ')'
          ensure
          ^~~~~~
/home/overseer/Git/the_odin_project/ruby_on_rails/flickr-api/app/views/shared/_flash.html.erb:11: syntax error, unexpected end, expecting ')'
          end
          ^~~):
  
app/views/shared/_flash.html.erb:1: syntax error, unexpected ')', expecting then or ';' or '\n'
app/views/shared/_flash.html.erb:7: syntax error, unexpected end, expecting ')'
app/views/shared/_flash.html.erb:9: syntax error, unexpected ensure, expecting ')'
app/views/shared/_flash.html.erb:11: syntax error, unexpected end, expecting ')'
app/views/layouts/application.html.erb:13:in `_app_views_layouts_application_html_erb___58229565648123493_70345932779200'
Started GET "/?utf8=%E2%9C%93&search_id=170889977%40N06&commit=Get+Photos" for 127.0.0.1 at 2019-04-09 11:35:01 -0500
Processing by StaticPagesController#home as HTML
  Parameters: {"utf8"=>"✓", "search_id"=>"170889977@N06", "commit"=>"Get Photos"}
  Rendering static_pages/home.html.erb within layouts/application
  Rendered static_pages/home.html.erb within layouts/application (0.6ms)
  Rendered shared/_flash.html.erb (0.4ms)
Completed 500 Internal Server Error in 340ms (ActiveRecord: 0.0ms)


  
SyntaxError (/home/overseer/Git/the_odin_project/ruby_on_rails/flickr-api/app/views/shared/_flash.html.erb:1: syntax error, unexpected ')', expecting then or ';' or '\n'
...buffer.append=( if flash.any? );@output_buffer.safe_append='
...                              ^
/home/overseer/Git/the_odin_project/ruby_on_rails/flickr-api/app/views/shared/_flash.html.erb:7: syntax error, unexpected end, expecting ')'
 end ;
 ^~~
/home/overseer/Git/the_odin_project/ruby_on_rails/flickr-api/app/views/shared/_flash.html.erb:9: syntax error, unexpected ensure, expecting ')'
          ensure
          ^~~~~~
/home/overseer/Git/the_odin_project/ruby_on_rails/flickr-api/app/views/shared/_flash.html.erb:11: syntax error, unexpected end, expecting ')'
          end
          ^~~):
  
app/views/shared/_flash.html.erb:1: syntax error, unexpected ')', expecting then or ';' or '\n'
app/views/shared/_flash.html.erb:7: syntax error, unexpected end, expecting ')'
app/views/shared/_flash.html.erb:9: syntax error, unexpected ensure, expecting ')'
app/views/shared/_flash.html.erb:11: syntax error, unexpected end, expecting ')'
app/views/layouts/application.html.erb:13:in `_app_views_layouts_application_html_erb___58229565648123493_70345904052360'
Started GET "/?utf8=%E2%9C%93&search_id=170889977%40N06&commit=Get+Photos" for 127.0.0.1 at 2019-04-09 11:35:12 -0500
Processing by StaticPagesController#home as HTML
  Parameters: {"utf8"=>"✓", "search_id"=>"170889977@N06", "commit"=>"Get Photos"}
  Rendering static_pages/home.html.erb within layouts/application
  Rendered static_pages/home.html.erb within layouts/application (0.7ms)
  Rendered shared/_flash.html.erb (0.6ms)
Completed 500 Internal Server Error in 326ms (ActiveRecord: 0.0ms)


  
SyntaxError (/home/overseer/Git/the_odin_project/ruby_on_rails/flickr-api/app/views/shared/_flash.html.erb:1: syntax error, unexpected ')', expecting then or ';' or '\n'
...buffer.append=( if flash.any? );@output_buffer.safe_append='
...                              ^
/home/overseer/Git/the_odin_project/ruby_on_rails/flickr-api/app/views/shared/_flash.html.erb:7: syntax error, unexpected end, expecting ')'
 end ;
 ^~~
/home/overseer/Git/the_odin_project/ruby_on_rails/flickr-api/app/views/shared/_flash.html.erb:9: syntax error, unexpected ensure, expecting ')'
          ensure
          ^~~~~~
/home/overseer/Git/the_odin_project/ruby_on_rails/flickr-api/app/views/shared/_flash.html.erb:11: syntax error, unexpected end, expecting ')'
          end
          ^~~):
  
app/views/shared/_flash.html.erb:1: syntax error, unexpected ')', expecting then or ';' or '\n'
app/views/shared/_flash.html.erb:7: syntax error, unexpected end, expecting ')'
app/views/shared/_flash.html.erb:9: syntax error, unexpected ensure, expecting ')'
app/views/shared/_flash.html.erb:11: syntax error, unexpected end, expecting ')'
app/views/layouts/application.html.erb:13:in `_app_views_layouts_application_html_erb___58229565648123493_70345933578600'
Started GET "/?utf8=%E2%9C%93&search_id=170889977%40N06&commit=Get+Photos" for 127.0.0.1 at 2019-04-09 11:35:20 -0500
Processing by StaticPagesController#home as HTML
  Parameters: {"utf8"=>"✓", "search_id"=>"170889977@N06", "commit"=>"Get Photos"}
  Rendering static_pages/home.html.erb within layouts/application
  Rendered static_pages/home.html.erb within layouts/application (0.7ms)
  Rendered shared/_flash.html.erb (0.4ms)
Completed 500 Internal Server Error in 243ms (ActiveRecord: 0.0ms)


  
SyntaxError (/home/overseer/Git/the_odin_project/ruby_on_rails/flickr-api/app/views/shared/_flash.html.erb:1: syntax error, unexpected ')', expecting then or ';' or '\n'
...buffer.append=( if flash.any? );@output_buffer.safe_append='
...                              ^
/home/overseer/Git/the_odin_project/ruby_on_rails/flickr-api/app/views/shared/_flash.html.erb:7: syntax error, unexpected end, expecting ')'
 end ;
 ^~~
/home/overseer/Git/the_odin_project/ruby_on_rails/flickr-api/app/views/shared/_flash.html.erb:9: syntax error, unexpected ensure, expecting ')'
          ensure
          ^~~~~~
/home/overseer/Git/the_odin_project/ruby_on_rails/flickr-api/app/views/shared/_flash.html.erb:11: syntax error, unexpected end, expecting ')'
          end
          ^~~):
  
app/views/shared/_flash.html.erb:1: syntax error, unexpected ')', expecting then or ';' or '\n'
app/views/shared/_flash.html.erb:7: syntax error, unexpected end, expecting ')'
app/views/shared/_flash.html.erb:9: syntax error, unexpected ensure, expecting ')'
app/views/shared/_flash.html.erb:11: syntax error, unexpected end, expecting ')'
app/views/layouts/application.html.erb:13:in `_app_views_layouts_application_html_erb___58229565648123493_70345931835440'
Started GET "/?utf8=%E2%9C%93&search_id=170889977%40N06&commit=Get+Photos" for 127.0.0.1 at 2019-04-09 11:35:42 -0500
Processing by StaticPagesController#home as HTML
  Parameters: {"utf8"=>"✓", "search_id"=>"170889977@N06", "commit"=>"Get Photos"}
  Rendering static_pages/home.html.erb within layouts/application
  Rendered static_pages/home.html.erb within layouts/application (0.7ms)
  Rendered shared/_flash.html.erb (0.5ms)
Completed 500 Internal Server Error in 244ms (ActiveRecord: 0.0ms)


  
SyntaxError (/home/overseer/Git/the_odin_project/ruby_on_rails/flickr-api/app/views/shared/_flash.html.erb:1: syntax error, unexpected ')', expecting then or ';' or '\n'
...buffer.append=( if flash.any? );@output_buffer.safe_append='
...                              ^
/home/overseer/Git/the_odin_project/ruby_on_rails/flickr-api/app/views/shared/_flash.html.erb:7: syntax error, unexpected end, expecting ')'
 end ;
 ^~~
/home/overseer/Git/the_odin_project/ruby_on_rails/flickr-api/app/views/shared/_flash.html.erb:9: syntax error, unexpected ensure, expecting ')'
          ensure
          ^~~~~~
/home/overseer/Git/the_odin_project/ruby_on_rails/flickr-api/app/views/shared/_flash.html.erb:11: syntax error, unexpected end, expecting ')'
          end
          ^~~):
  
app/views/shared/_flash.html.erb:1: syntax error, unexpected ')', expecting then or ';' or '\n'
app/views/shared/_flash.html.erb:7: syntax error, unexpected end, expecting ')'
app/views/shared/_flash.html.erb:9: syntax error, unexpected ensure, expecting ')'
app/views/shared/_flash.html.erb:11: syntax error, unexpected end, expecting ')'
app/views/layouts/application.html.erb:13:in `_app_views_layouts_application_html_erb___58229565648123493_70345901039240'
Started GET "/?utf8=%E2%9C%93&search_id=170889977%40N06&commit=Get+Photos" for 127.0.0.1 at 2019-04-09 11:35:58 -0500
Processing by StaticPagesController#home as HTML
  Parameters: {"utf8"=>"✓", "search_id"=>"170889977@N06", "commit"=>"Get Photos"}
  Rendering static_pages/home.html.erb within layouts/application
  Rendered static_pages/home.html.erb within layouts/application (0.7ms)
  Rendered shared/_flash.html.erb (1.9ms)
Completed 500 Internal Server Error in 361ms (ActiveRecord: 0.0ms)


  
SyntaxError (/home/overseer/Git/the_odin_project/ruby_on_rails/flickr-api/app/views/shared/_flash.html.erb:1: syntax error, unexpected ')', expecting then or ';' or '\n'
...fer.append=( if !flash.empty? );@output_buffer.safe_append='
...                              ^
/home/overseer/Git/the_odin_project/ruby_on_rails/flickr-api/app/views/shared/_flash.html.erb:7: syntax error, unexpected end, expecting ')'
 end ;
 ^~~
/home/overseer/Git/the_odin_project/ruby_on_rails/flickr-api/app/views/shared/_flash.html.erb:9: syntax error, unexpected ensure, expecting ')'
          ensure
          ^~~~~~
/home/overseer/Git/the_odin_project/ruby_on_rails/flickr-api/app/views/shared/_flash.html.erb:11: syntax error, unexpected end, expecting ')'
          end
          ^~~):
  
app/views/shared/_flash.html.erb:1: syntax error, unexpected ')', expecting then or ';' or '\n'
app/views/shared/_flash.html.erb:7: syntax error, unexpected end, expecting ')'
app/views/shared/_flash.html.erb:9: syntax error, unexpected ensure, expecting ')'
app/views/shared/_flash.html.erb:11: syntax error, unexpected end, expecting ')'
app/views/layouts/application.html.erb:13:in `_app_views_layouts_application_html_erb___58229565648123493_70345932445840'
Started GET "/?utf8=%E2%9C%93&search_id=170889977%40N06&commit=Get+Photos" for 127.0.0.1 at 2019-04-09 11:36:21 -0500
Processing by StaticPagesController#home as HTML
  Parameters: {"utf8"=>"✓", "search_id"=>"170889977@N06", "commit"=>"Get Photos"}
  Rendering static_pages/home.html.erb within layouts/application
  Rendered static_pages/home.html.erb within layouts/application (0.8ms)
  Rendered shared/_flash.html.erb (0.6ms)
Completed 500 Internal Server Error in 320ms (ActiveRecord: 0.0ms)


  
SyntaxError (/home/overseer/Git/the_odin_project/ruby_on_rails/flickr-api/app/views/shared/_flash.html.erb:1: syntax error, unexpected ')', expecting then or ';' or '\n'
...fer.append=( if !flash.empty? );@output_buffer.safe_append='
...                              ^
/home/overseer/Git/the_odin_project/ruby_on_rails/flickr-api/app/views/shared/_flash.html.erb:7: syntax error, unexpected end, expecting ')'
 end ;
 ^~~
/home/overseer/Git/the_odin_project/ruby_on_rails/flickr-api/app/views/shared/_flash.html.erb:9: syntax error, unexpected ensure, expecting ')'
          ensure
          ^~~~~~
/home/overseer/Git/the_odin_project/ruby_on_rails/flickr-api/app/views/shared/_flash.html.erb:11: syntax error, unexpected end, expecting ')'
          end
          ^~~):
  
app/views/shared/_flash.html.erb:1: syntax error, unexpected ')', expecting then or ';' or '\n'
app/views/shared/_flash.html.erb:7: syntax error, unexpected end, expecting ')'
app/views/shared/_flash.html.erb:9: syntax error, unexpected ensure, expecting ')'
app/views/shared/_flash.html.erb:11: syntax error, unexpected end, expecting ')'
app/views/layouts/application.html.erb:13:in `_app_views_layouts_application_html_erb___58229565648123493_70345904051420'
Started GET "/?utf8=%E2%9C%93&search_id=170889977%40N06&commit=Get+Photos" for 127.0.0.1 at 2019-04-09 11:36:37 -0500
Processing by StaticPagesController#home as HTML
  Parameters: {"utf8"=>"✓", "search_id"=>"170889977@N06", "commit"=>"Get Photos"}
  Rendering static_pages/home.html.erb within layouts/application
  Rendered static_pages/home.html.erb within layouts/application (0.8ms)
  Rendered shared/_flash.html.erb (0.4ms)
Completed 200 OK in 251ms (Views: 23.8ms | ActiveRecord: 0.0ms)


Started GET "/?utf8=%E2%9C%93&search_id=170889977%40N06&commit=Get+Photos" for 127.0.0.1 at 2019-04-09 11:36:57 -0500
Processing by StaticPagesController#home as HTML
  Parameters: {"utf8"=>"✓", "search_id"=>"170889977@N06", "commit"=>"Get Photos"}
  Rendering static_pages/home.html.erb within layouts/application
  Rendered static_pages/home.html.erb within layouts/application (0.6ms)
  Rendered shared/_flash.html.erb (0.4ms)
Completed 500 Internal Server Error in 302ms (ActiveRecord: 0.0ms)


  
SyntaxError (/home/overseer/Git/the_odin_project/ruby_on_rails/flickr-api/app/views/shared/_flash.html.erb:1: syntax error, unexpected ')', expecting then or ';' or '\n'
...fer.append=( if !flash.empty? );@output_buffer.safe_append='
...                              ^
/home/overseer/Git/the_odin_project/ruby_on_rails/flickr-api/app/views/shared/_flash.html.erb:7: syntax error, unexpected end, expecting ')'
 end ;
 ^~~
/home/overseer/Git/the_odin_project/ruby_on_rails/flickr-api/app/views/shared/_flash.html.erb:9: syntax error, unexpected ensure, expecting ')'
          ensure
          ^~~~~~
/home/overseer/Git/the_odin_project/ruby_on_rails/flickr-api/app/views/shared/_flash.html.erb:11: syntax error, unexpected end, expecting ')'
          end
          ^~~):
  
app/views/shared/_flash.html.erb:1: syntax error, unexpected ')', expecting then or ';' or '\n'
app/views/shared/_flash.html.erb:7: syntax error, unexpected end, expecting ')'
app/views/shared/_flash.html.erb:9: syntax error, unexpected ensure, expecting ')'
app/views/shared/_flash.html.erb:11: syntax error, unexpected end, expecting ')'
app/views/layouts/application.html.erb:13:in `_app_views_layouts_application_html_erb___58229565648123493_70345901489420'
Started GET "/?utf8=%E2%9C%93&search_id=170889977%40N06&commit=Get+Photos" for 127.0.0.1 at 2019-04-09 11:37:24 -0500
Processing by StaticPagesController#home as HTML
  Parameters: {"utf8"=>"✓", "search_id"=>"170889977@N06", "commit"=>"Get Photos"}
  Rendering static_pages/home.html.erb within layouts/application
  Rendered static_pages/home.html.erb within layouts/application (0.7ms)
  Rendered shared/_flash.html.erb (0.5ms)
Completed 500 Internal Server Error in 320ms (ActiveRecord: 0.0ms)


  
SyntaxError (/home/overseer/Git/the_odin_project/ruby_on_rails/flickr-api/app/views/shared/_flash.html.erb:1: syntax error, unexpected ')', expecting then or ';' or '\n'
...tput_buffer.append=( if flash );@output_buffer.safe_append='
...                              ^
/home/overseer/Git/the_odin_project/ruby_on_rails/flickr-api/app/views/shared/_flash.html.erb:7: syntax error, unexpected end, expecting ')'
 end ;
 ^~~
/home/overseer/Git/the_odin_project/ruby_on_rails/flickr-api/app/views/shared/_flash.html.erb:9: syntax error, unexpected ensure, expecting ')'
          ensure
          ^~~~~~
/home/overseer/Git/the_odin_project/ruby_on_rails/flickr-api/app/views/shared/_flash.html.erb:11: syntax error, unexpected end, expecting ')'
          end
          ^~~):
  
app/views/shared/_flash.html.erb:1: syntax error, unexpected ')', expecting then or ';' or '\n'
app/views/shared/_flash.html.erb:7: syntax error, unexpected end, expecting ')'
app/views/shared/_flash.html.erb:9: syntax error, unexpected ensure, expecting ')'
app/views/shared/_flash.html.erb:11: syntax error, unexpected end, expecting ')'
app/views/layouts/application.html.erb:13:in `_app_views_layouts_application_html_erb___58229565648123493_70345931768640'
Started GET "/?utf8=%E2%9C%93&search_id=170889977%40N06&commit=Get+Photos" for 127.0.0.1 at 2019-04-09 11:37:40 -0500
Processing by StaticPagesController#home as HTML
  Parameters: {"utf8"=>"✓", "search_id"=>"170889977@N06", "commit"=>"Get Photos"}
  Rendering static_pages/home.html.erb within layouts/application
  Rendered static_pages/home.html.erb within layouts/application (1.0ms)
  Rendered shared/_flash.html.erb (0.6ms)
Completed 500 Internal Server Error in 266ms (ActiveRecord: 0.0ms)


  
SyntaxError (/home/overseer/Git/the_odin_project/ruby_on_rails/flickr-api/app/views/shared/_flash.html.erb:1: syntax error, unexpected ')', expecting then or ';' or '\n'
...uffer.append=( if "some shit" );@output_buffer.safe_append='
...                              ^
/home/overseer/Git/the_odin_project/ruby_on_rails/flickr-api/app/views/shared/_flash.html.erb:7: syntax error, unexpected end, expecting ')'
 end ;
 ^~~
/home/overseer/Git/the_odin_project/ruby_on_rails/flickr-api/app/views/shared/_flash.html.erb:9: syntax error, unexpected ensure, expecting ')'
          ensure
          ^~~~~~
/home/overseer/Git/the_odin_project/ruby_on_rails/flickr-api/app/views/shared/_flash.html.erb:11: syntax error, unexpected end, expecting ')'
          end
          ^~~):
  
app/views/shared/_flash.html.erb:1: syntax error, unexpected ')', expecting then or ';' or '\n'
app/views/shared/_flash.html.erb:7: syntax error, unexpected end, expecting ')'
app/views/shared/_flash.html.erb:9: syntax error, unexpected ensure, expecting ')'
app/views/shared/_flash.html.erb:11: syntax error, unexpected end, expecting ')'
app/views/layouts/application.html.erb:13:in `_app_views_layouts_application_html_erb___58229565648123493_70345901980940'
Started GET "/?utf8=%E2%9C%93&search_id=170889977%40N06&commit=Get+Photos" for 127.0.0.1 at 2019-04-09 11:38:03 -0500
Processing by StaticPagesController#home as HTML
  Parameters: {"utf8"=>"✓", "search_id"=>"170889977@N06", "commit"=>"Get Photos"}
  Rendering static_pages/home.html.erb within layouts/application
  Rendered static_pages/home.html.erb within layouts/application (0.7ms)
  Rendered shared/_flash.html.erb (0.4ms)
Completed 200 OK in 547ms (Views: 16.3ms | ActiveRecord: 0.0ms)


Started GET "/?utf8=%E2%9C%93&search_id=170889977%40N06&commit=Get+Photos" for 127.0.0.1 at 2019-04-09 11:38:32 -0500
Processing by StaticPagesController#home as HTML
  Parameters: {"utf8"=>"✓", "search_id"=>"170889977@N06", "commit"=>"Get Photos"}
  Rendering static_pages/home.html.erb within layouts/application
  Rendered static_pages/home.html.erb within layouts/application (1.0ms)
  Rendered shared/_flash.html.erb (0.4ms)
Completed 200 OK in 352ms (Views: 13.9ms | ActiveRecord: 0.0ms)


Started GET "/?utf8=%E2%9C%93&search_id=170889977%40N06&commit=Get+Photos" for 127.0.0.1 at 2019-04-09 11:38:59 -0500
Processing by StaticPagesController#home as HTML
  Parameters: {"utf8"=>"✓", "search_id"=>"170889977@N06", "commit"=>"Get Photos"}
  Rendering static_pages/home.html.erb within layouts/application
  Rendered static_pages/home.html.erb within layouts/application (1.0ms)
  Rendered shared/_flash.html.erb (0.4ms)
Completed 200 OK in 822ms (Views: 18.0ms | ActiveRecord: 0.0ms)


Started GET "/?utf8=%E2%9C%93&search_id=170889977%40N06&commit=Get+Photos" for 127.0.0.1 at 2019-04-09 11:39:03 -0500
Processing by StaticPagesController#home as HTML
  Parameters: {"utf8"=>"✓", "search_id"=>"170889977@N06", "commit"=>"Get Photos"}
  Rendering static_pages/home.html.erb within layouts/application
  Rendered static_pages/home.html.erb within layouts/application (1.0ms)
  Rendered shared/_flash.html.erb (0.4ms)
Completed 200 OK in 943ms (Views: 16.6ms | ActiveRecord: 0.0ms)


Started GET "/?utf8=%E2%9C%93&search_id=&commit=Get+Photos" for 127.0.0.1 at 2019-04-09 11:39:07 -0500
Processing by StaticPagesController#home as HTML
  Parameters: {"utf8"=>"✓", "search_id"=>"", "commit"=>"Get Photos"}
  Rendering static_pages/home.html.erb within layouts/application
  Rendered static_pages/home.html.erb within layouts/application (0.7ms)
  Rendered shared/_flash.html.erb (0.4ms)
Completed 200 OK in 300ms (Views: 18.5ms | ActiveRecord: 0.0ms)


Started GET "/?utf8=%E2%9C%93&search_id=170889977%40N06&commit=Get+Photos" for 127.0.0.1 at 2019-04-09 11:39:11 -0500
Processing by StaticPagesController#home as HTML
  Parameters: {"utf8"=>"✓", "search_id"=>"170889977@N06", "commit"=>"Get Photos"}
  Rendering static_pages/home.html.erb within layouts/application
  Rendered static_pages/home.html.erb within layouts/application (1.0ms)
  Rendered shared/_flash.html.erb (0.6ms)
Completed 200 OK in 781ms (Views: 15.3ms | ActiveRecord: 0.0ms)


Started GET "/?utf8=%E2%9C%93&search_id=170889977%40N06&commit=Get+Photos" for 127.0.0.1 at 2019-04-09 11:39:28 -0500
Processing by StaticPagesController#home as HTML
  Parameters: {"utf8"=>"✓", "search_id"=>"170889977@N06", "commit"=>"Get Photos"}
  Rendering static_pages/home.html.erb within layouts/application
  Rendered static_pages/home.html.erb within layouts/application (1.0ms)
  Rendered shared/_flash.html.erb (0.5ms)
Completed 200 OK in 749ms (Views: 26.8ms | ActiveRecord: 0.0ms)


Started GET "/?utf8=%E2%9C%93&search_id=170889977%40N06&commit=Get+Photos" for 127.0.0.1 at 2019-04-09 11:39:37 -0500
Processing by StaticPagesController#home as HTML
  Parameters: {"utf8"=>"✓", "search_id"=>"170889977@N06", "commit"=>"Get Photos"}
  Rendering static_pages/home.html.erb within layouts/application
  Rendered static_pages/home.html.erb within layouts/application (1.0ms)
  Rendered shared/_flash.html.erb (0.4ms)
Completed 200 OK in 679ms (Views: 16.7ms | ActiveRecord: 0.0ms)


Started GET "/?utf8=%E2%9C%93&search_id=&commit=Get+Photos" for 127.0.0.1 at 2019-04-09 11:39:41 -0500
Processing by StaticPagesController#home as HTML
  Parameters: {"utf8"=>"✓", "search_id"=>"", "commit"=>"Get Photos"}
  Rendering static_pages/home.html.erb within layouts/application
  Rendered static_pages/home.html.erb within layouts/application (0.7ms)
  Rendered shared/_flash.html.erb (0.5ms)
Completed 200 OK in 270ms (Views: 32.3ms | ActiveRecord: 0.0ms)


Started GET "/?utf8=%E2%9C%93&search_id=170889977%40N06&commit=Get+Photos" for 127.0.0.1 at 2019-04-09 11:39:47 -0500
Processing by StaticPagesController#home as HTML
  Parameters: {"utf8"=>"✓", "search_id"=>"170889977@N06", "commit"=>"Get Photos"}
  Rendering static_pages/home.html.erb within layouts/application
  Rendered static_pages/home.html.erb within layouts/application (2.8ms)
  Rendered shared/_flash.html.erb (0.5ms)
Completed 200 OK in 892ms (Views: 40.2ms | ActiveRecord: 0.0ms)


Started GET "/?utf8=%E2%9C%93&search_id=170889977%40N06&commit=Get+Photos" for 127.0.0.1 at 2019-04-09 11:44:05 -0500
Processing by StaticPagesController#home as HTML
  Parameters: {"utf8"=>"✓", "search_id"=>"170889977@N06", "commit"=>"Get Photos"}
  Rendering static_pages/home.html.erb within layouts/application
  Rendered static_pages/home.html.erb within layouts/application (1.0ms)
  Rendered shared/_flash.html.erb (0.4ms)
Completed 200 OK in 832ms (Views: 17.2ms | ActiveRecord: 0.0ms)


Started GET "/?utf8=%E2%9C%93&search_id=&commit=Get+Photos" for 127.0.0.1 at 2019-04-09 11:44:08 -0500
Processing by StaticPagesController#home as HTML
  Parameters: {"utf8"=>"✓", "search_id"=>"", "commit"=>"Get Photos"}
  Rendering static_pages/home.html.erb within layouts/application
  Rendered static_pages/home.html.erb within layouts/application (0.8ms)
  Rendered shared/_flash.html.erb (0.4ms)
Completed 200 OK in 272ms (Views: 18.5ms | ActiveRecord: 0.0ms)


Started GET "/?utf8=%E2%9C%93&search_id=170889977%40N06&commit=Get+Photos" for 127.0.0.1 at 2019-04-09 11:44:11 -0500
Processing by StaticPagesController#home as HTML
  Parameters: {"utf8"=>"✓", "search_id"=>"170889977@N06", "commit"=>"Get Photos"}
  Rendering static_pages/home.html.erb within layouts/application
  Rendered static_pages/home.html.erb within layouts/application (1.0ms)
  Rendered shared/_flash.html.erb (0.5ms)
Completed 200 OK in 789ms (Views: 19.3ms | ActiveRecord: 0.0ms)


Started GET "/?utf8=%E2%9C%93&search_id=170889977%40N06&commit=Get+Photos" for 127.0.0.1 at 2019-04-09 11:45:22 -0500
Processing by StaticPagesController#home as HTML
  Parameters: {"utf8"=>"✓", "search_id"=>"170889977@N06", "commit"=>"Get Photos"}
  Rendering static_pages/home.html.erb within layouts/application
  Rendered static_pages/home.html.erb within layouts/application (1.7ms)
  Rendered shared/_flash.html.erb (0.5ms)
Completed 200 OK in 784ms (Views: 30.3ms | ActiveRecord: 0.0ms)


